nohup: ignoring input
[INFO] Scanning for projects...
[INFO] 
[INFO] ----------------------< br.com.insumo:lanchonete >----------------------
[INFO] Building lanchonete 0.0.1-SNAPSHOT
[INFO]   from pom.xml
[INFO] --------------------------------[ jar ]---------------------------------
[INFO] 
[INFO] >>> spring-boot:3.5.6:run (default-cli) > test-compile @ lanchonete >>>
[INFO] 
[INFO] --- resources:3.3.1:resources (default-resources) @ lanchonete ---
[INFO] Copying 3 resources from src/main/resources to target/classes
[INFO] Copying 1 resource from src/main/resources to target/classes
[INFO] 
[INFO] --- compiler:3.14.0:compile (default-compile) @ lanchonete ---
[INFO] Nothing to compile - all classes are up to date.
[INFO] 
[INFO] --- resources:3.3.1:testResources (default-testResources) @ lanchonete ---
[INFO] skip non existing resourceDirectory /home/matheus/Documents/Project/LanchoneteInsumo/src/test/resources
[INFO] 
[INFO] --- compiler:3.14.0:testCompile (default-testCompile) @ lanchonete ---
[INFO] Nothing to compile - all classes are up to date.
[INFO] 
[INFO] <<< spring-boot:3.5.6:run (default-cli) < test-compile @ lanchonete <<<
[INFO] 
[INFO] 
[INFO] --- spring-boot:3.5.6:run (default-cli) @ lanchonete ---
[INFO] Attaching agents: []

  .   ____          _            __ _ _
 /\\ / ___'_ __ _ _(_)_ __  __ _ \ \ \ \
( ( )\___ | '_ | '_| | '_ \/ _` | \ \ \ \
 \\/  ___)| |_)| | | | | || (_| |  ) ) ) )
  '  |____| .__|_| |_|_| |_\__, | / / / /
 =========|_|==============|___/=/_/_/_/

 :: Spring Boot ::                (v3.5.6)

2025-11-10T22:17:39.816-03:00  INFO 27767 --- [lanchonete] [  restartedMain] b.c.i.lanchonete.LanchoneteApplication   : Starting LanchoneteApplication using Java 21.0.8 with PID 27767 (/home/matheus/Documents/Project/LanchoneteInsumo/target/classes started by matheus in /home/matheus/Documents/Project/LanchoneteInsumo)
2025-11-10T22:17:39.819-03:00  INFO 27767 --- [lanchonete] [  restartedMain] b.c.i.lanchonete.LanchoneteApplication   : The following 1 profile is active: "dev"
2025-11-10T22:17:39.859-03:00  INFO 27767 --- [lanchonete] [  restartedMain] .e.DevToolsPropertyDefaultsPostProcessor : Devtools property defaults active! Set 'spring.devtools.add-properties' to 'false' to disable
2025-11-10T22:17:39.860-03:00  INFO 27767 --- [lanchonete] [  restartedMain] .e.DevToolsPropertyDefaultsPostProcessor : For additional web related logging consider setting the 'logging.level.web' property to 'DEBUG'
2025-11-10T22:17:40.573-03:00  INFO 27767 --- [lanchonete] [  restartedMain] .s.d.r.c.RepositoryConfigurationDelegate : Bootstrapping Spring Data JPA repositories in DEFAULT mode.
2025-11-10T22:17:40.651-03:00  INFO 27767 --- [lanchonete] [  restartedMain] .s.d.r.c.RepositoryConfigurationDelegate : Finished Spring Data repository scanning in 67 ms. Found 4 JPA repository interfaces.
2025-11-10T22:17:41.291-03:00  INFO 27767 --- [lanchonete] [  restartedMain] o.s.b.w.embedded.tomcat.TomcatWebServer  : Tomcat initialized with port 8080 (http)
2025-11-10T22:17:41.307-03:00  INFO 27767 --- [lanchonete] [  restartedMain] o.apache.catalina.core.StandardService   : Starting service [Tomcat]
2025-11-10T22:17:41.307-03:00  INFO 27767 --- [lanchonete] [  restartedMain] o.apache.catalina.core.StandardEngine    : Starting Servlet engine: [Apache Tomcat/10.1.46]
2025-11-10T22:17:41.341-03:00  INFO 27767 --- [lanchonete] [  restartedMain] o.a.c.c.C.[Tomcat].[localhost].[/]       : Initializing Spring embedded WebApplicationContext
2025-11-10T22:17:41.342-03:00  INFO 27767 --- [lanchonete] [  restartedMain] w.s.c.ServletWebServerApplicationContext : Root WebApplicationContext: initialization completed in 1481 ms
2025-11-10T22:17:41.547-03:00  INFO 27767 --- [lanchonete] [  restartedMain] o.hibernate.jpa.internal.util.LogHelper  : HHH000204: Processing PersistenceUnitInfo [name: default]
2025-11-10T22:17:41.586-03:00  INFO 27767 --- [lanchonete] [  restartedMain] org.hibernate.Version                    : HHH000412: Hibernate ORM core version 6.6.29.Final
2025-11-10T22:17:41.614-03:00  INFO 27767 --- [lanchonete] [  restartedMain] o.h.c.internal.RegionFactoryInitiator    : HHH000026: Second-level cache disabled
2025-11-10T22:17:41.827-03:00  INFO 27767 --- [lanchonete] [  restartedMain] o.s.o.j.p.SpringPersistenceUnitInfo      : No LoadTimeWeaver setup: ignoring JPA class transformer
2025-11-10T22:17:41.853-03:00  INFO 27767 --- [lanchonete] [  restartedMain] com.zaxxer.hikari.HikariDataSource       : HikariPool-1 - Starting...
2025-11-10T22:17:42.033-03:00  INFO 27767 --- [lanchonete] [  restartedMain] com.zaxxer.hikari.pool.HikariPool        : HikariPool-1 - Added connection conn0: url=jdbc:h2:mem:lanchonete user=NICOLAS
2025-11-10T22:17:42.036-03:00  INFO 27767 --- [lanchonete] [  restartedMain] com.zaxxer.hikari.HikariDataSource       : HikariPool-1 - Start completed.
2025-11-10T22:17:42.059-03:00  WARN 27767 --- [lanchonete] [  restartedMain] org.hibernate.orm.deprecation            : HHH90000025: H2Dialect does not need to be specified explicitly using 'hibernate.dialect' (remove the property setting and it will be selected by default)
2025-11-10T22:17:42.079-03:00  INFO 27767 --- [lanchonete] [  restartedMain] org.hibernate.orm.connections.pooling    : HHH10001005: Database info:
	Database JDBC URL [Connecting through datasource 'HikariDataSource (HikariPool-1)']
	Database driver: undefined/unknown
	Database version: 2.3.232
	Autocommit mode: undefined/unknown
	Isolation level: undefined/unknown
	Minimum pool size: undefined/unknown
	Maximum pool size: undefined/unknown
2025-11-10T22:17:42.981-03:00  INFO 27767 --- [lanchonete] [  restartedMain] o.h.e.t.j.p.i.JtaPlatformInitiator       : HHH000489: No JTA platform available (set 'hibernate.transaction.jta.platform' to enable JTA platform integration)
2025-11-10T22:17:43.059-03:00  INFO 27767 --- [lanchonete] [  restartedMain] j.LocalContainerEntityManagerFactoryBean : Initialized JPA EntityManagerFactory for persistence unit 'default'
2025-11-10T22:17:43.322-03:00  INFO 27767 --- [lanchonete] [  restartedMain] o.s.d.j.r.query.QueryEnhancerFactory     : Hibernate is in classpath; If applicable, HQL parser will be used.
2025-11-10T22:17:43.991-03:00  WARN 27767 --- [lanchonete] [  restartedMain] JpaBaseConfiguration$JpaWebConfiguration : spring.jpa.open-in-view is enabled by default. Therefore, database queries may be performed during view rendering. Explicitly configure spring.jpa.open-in-view to disable this warning
2025-11-10T22:17:44.036-03:00  INFO 27767 --- [lanchonete] [  restartedMain] r$InitializeUserDetailsManagerConfigurer : Global AuthenticationManager configured with UserDetailsService bean with name usuarioService
2025-11-10T22:17:46.287-03:00  INFO 27767 --- [lanchonete] [  restartedMain] o.s.b.a.h2.H2ConsoleAutoConfiguration    : H2 console available at '/h2-console'. Database available at 'jdbc:h2:mem:lanchonete'
2025-11-10T22:17:46.403-03:00  INFO 27767 --- [lanchonete] [  restartedMain] o.s.b.d.a.OptionalLiveReloadServer       : LiveReload server is running on port 35729
2025-11-10T22:17:46.434-03:00  INFO 27767 --- [lanchonete] [  restartedMain] o.s.b.w.embedded.tomcat.TomcatWebServer  : Tomcat started on port 8080 (http) with context path '/'
2025-11-10T22:17:46.444-03:00  INFO 27767 --- [lanchonete] [  restartedMain] b.c.i.lanchonete.LanchoneteApplication   : Started LanchoneteApplication in 7.099 seconds (process running for 7.446)
2025-11-10T22:18:01.578-03:00  INFO 27767 --- [lanchonete] [nio-8080-exec-1] o.a.c.c.C.[Tomcat].[localhost].[/]       : Initializing Spring DispatcherServlet 'dispatcherServlet'
2025-11-10T22:18:01.579-03:00  INFO 27767 --- [lanchonete] [nio-8080-exec-1] o.s.web.servlet.DispatcherServlet        : Initializing Servlet 'dispatcherServlet'
2025-11-10T22:18:01.581-03:00  INFO 27767 --- [lanchonete] [nio-8080-exec-1] o.s.web.servlet.DispatcherServlet        : Completed initialization in 2 ms
2025-11-10T22:18:01.633-03:00  INFO 27767 --- [lanchonete] [nio-8080-exec-1] b.c.i.l.controllers.EmailTestController  : === TESTE DE ENVIO DE E-MAIL INICIADO ===
2025-11-10T22:18:01.635-03:00  INFO 27767 --- [lanchonete] [nio-8080-exec-1] b.c.insumo.lanchonete.utils.EmailUtils   : === INICIANDO ENVIO DE E-MAIL ===
2025-11-10T22:18:01.636-03:00  INFO 27767 --- [lanchonete] [nio-8080-exec-1] b.c.insumo.lanchonete.utils.EmailUtils   : Destinatários: [matheuslajazem@gmail.com]
2025-11-10T22:18:01.636-03:00  INFO 27767 --- [lanchonete] [nio-8080-exec-1] b.c.insumo.lanchonete.utils.EmailUtils   : Assunto: '[TESTE] Alerta de quantidade crítica'
2025-11-10T22:18:01.636-03:00  INFO 27767 --- [lanchonete] [nio-8080-exec-1] b.c.insumo.lanchonete.utils.EmailUtils   : Tipo: ALERT
DEBUG: Jakarta Mail version 2.1.3
DEBUG: URL jar:file:/home/matheus/.m2/repository/org/eclipse/angus/jakarta.mail/2.0.4/jakarta.mail-2.0.4.jar!/META-INF/javamail.providers
DEBUG: successfully loaded resource: jar:file:/home/matheus/.m2/repository/org/eclipse/angus/jakarta.mail/2.0.4/jakarta.mail-2.0.4.jar!/META-INF/javamail.providers
DEBUG: successfully loaded resource: /META-INF/javamail.default.providers
DEBUG: Tables of loaded providers
DEBUG: Providers Listed By Class Name: {org.eclipse.angus.mail.imap.IMAPStore=jakarta.mail.Provider[STORE,imap,org.eclipse.angus.mail.imap.IMAPStore,Oracle], org.eclipse.angus.mail.smtp.SMTPTransport=jakarta.mail.Provider[TRANSPORT,smtp,org.eclipse.angus.mail.smtp.SMTPTransport,Oracle], org.eclipse.angus.mail.pop3.POP3Store=jakarta.mail.Provider[STORE,pop3,org.eclipse.angus.mail.pop3.POP3Store,Oracle], org.eclipse.angus.mail.pop3.POP3SSLStore=jakarta.mail.Provider[STORE,pop3s,org.eclipse.angus.mail.pop3.POP3SSLStore,Oracle], org.eclipse.angus.mail.smtp.SMTPSSLTransport=jakarta.mail.Provider[TRANSPORT,smtps,org.eclipse.angus.mail.smtp.SMTPSSLTransport,Oracle], org.eclipse.angus.mail.imap.IMAPSSLStore=jakarta.mail.Provider[STORE,imaps,org.eclipse.angus.mail.imap.IMAPSSLStore,Oracle]}
DEBUG: Providers Listed By Protocol: {imap=jakarta.mail.Provider[STORE,imap,org.eclipse.angus.mail.imap.IMAPStore,Oracle], smtp=jakarta.mail.Provider[TRANSPORT,smtp,org.eclipse.angus.mail.smtp.SMTPTransport,Oracle], pop3=jakarta.mail.Provider[STORE,pop3,org.eclipse.angus.mail.pop3.POP3Store,Oracle], imaps=jakarta.mail.Provider[STORE,imaps,org.eclipse.angus.mail.imap.IMAPSSLStore,Oracle], smtps=jakarta.mail.Provider[TRANSPORT,smtps,org.eclipse.angus.mail.smtp.SMTPSSLTransport,Oracle], pop3s=jakarta.mail.Provider[STORE,pop3s,org.eclipse.angus.mail.pop3.POP3SSLStore,Oracle]}
DEBUG: successfully loaded resource: /META-INF/javamail.default.address.map
DEBUG: URL jar:file:/home/matheus/.m2/repository/org/eclipse/angus/jakarta.mail/2.0.4/jakarta.mail-2.0.4.jar!/META-INF/javamail.address.map
DEBUG: successfully loaded resource: jar:file:/home/matheus/.m2/repository/org/eclipse/angus/jakarta.mail/2.0.4/jakarta.mail-2.0.4.jar!/META-INF/javamail.address.map
2025-11-10T22:18:01.689-03:00  INFO 27767 --- [lanchonete] [nio-8080-exec-1] b.c.insumo.lanchonete.utils.EmailUtils   : Enviando mensagem via SMTP...
DEBUG: getProvider() returning jakarta.mail.Provider[TRANSPORT,smtp,org.eclipse.angus.mail.smtp.SMTPTransport,Oracle]
DEBUG SMTP: useEhlo true, useAuth true
DEBUG SMTP: trying to connect to host "smtp.gmail.com", port 587, isSSL false
220 smtp.gmail.com ESMTP a1e0cc1a2514c-93718cda6d1sm4745897241.3 - gsmtp
DEBUG SMTP: connected to host "smtp.gmail.com", port: 587
EHLO omarchy
250-smtp.gmail.com at your service, [191.59.100.141]
250-SIZE 35882577
250-8BITMIME
250-STARTTLS
250-ENHANCEDSTATUSCODES
250-PIPELINING
250-CHUNKING
250 SMTPUTF8
DEBUG SMTP: Found extension "SIZE", arg "35882577"
DEBUG SMTP: Found extension "8BITMIME", arg ""
DEBUG SMTP: Found extension "STARTTLS", arg ""
DEBUG SMTP: Found extension "ENHANCEDSTATUSCODES", arg ""
DEBUG SMTP: Found extension "PIPELINING", arg ""
DEBUG SMTP: Found extension "CHUNKING", arg ""
DEBUG SMTP: Found extension "SMTPUTF8", arg ""
STARTTLS
220 2.0.0 Ready to start TLS
EHLO omarchy
250-smtp.gmail.com at your service, [191.59.100.141]
250-SIZE 35882577
250-8BITMIME
250-AUTH LOGIN PLAIN XOAUTH2 PLAIN-CLIENTTOKEN OAUTHBEARER XOAUTH
250-ENHANCEDSTATUSCODES
250-PIPELINING
250-CHUNKING
250 SMTPUTF8
DEBUG SMTP: Found extension "SIZE", arg "35882577"
DEBUG SMTP: Found extension "8BITMIME", arg ""
DEBUG SMTP: Found extension "AUTH", arg "LOGIN PLAIN XOAUTH2 PLAIN-CLIENTTOKEN OAUTHBEARER XOAUTH"
DEBUG SMTP: Found extension "ENHANCEDSTATUSCODES", arg ""
DEBUG SMTP: Found extension "PIPELINING", arg ""
DEBUG SMTP: Found extension "CHUNKING", arg ""
DEBUG SMTP: Found extension "SMTPUTF8", arg ""
DEBUG SMTP: protocolConnect login, host=smtp.gmail.com, user=matheuslajazem@gmail.com, password=<non-null>
DEBUG SMTP: Attempt to authenticate using mechanisms: LOGIN PLAIN DIGEST-MD5 NTLM XOAUTH2 
DEBUG SMTP: Using mechanism LOGIN
DEBUG SMTP: AUTH LOGIN command trace suppressed
DEBUG SMTP: AUTH LOGIN succeeded
DEBUG SMTP: use8bit false
MAIL FROM:<matheuslajazem@gmail.com>
250 2.1.0 OK a1e0cc1a2514c-93718cda6d1sm4745897241.3 - gsmtp
RCPT TO:<matheuslajazem@gmail.com>
250 2.1.5 OK a1e0cc1a2514c-93718cda6d1sm4745897241.3 - gsmtp
DEBUG SMTP: Verified Addresses
DEBUG SMTP:   matheuslajazem@gmail.com
DATA
354 Go ahead a1e0cc1a2514c-93718cda6d1sm4745897241.3 - gsmtp
Date: Mon, 10 Nov 2025 22:18:04 -0300 (BRT)
From: matheuslajazem@gmail.com
To: matheuslajazem@gmail.com
Message-ID: <2030469961.2.1762823884805@omarchy>
Subject: =?UTF-8?Q?[TESTE]_Alerta_de_quantidade_cr=C3=ADtica?=
MIME-Version: 1.0
Content-Type: multipart/mixed; 
	boundary="----=_Part_0_1910792569.1762823881679"

------=_Part_0_1910792569.1762823881679
Content-Type: multipart/related; 
	boundary="----=_Part_1_1506907016.1762823881685"

------=_Part_1_1506907016.1762823881685
Content-Type: text/html;charset=UTF-8
Content-Transfer-Encoding: quoted-printable

<html><body style=3D"font-family:Arial,sans-serif;background:#fff5f5;paddin=
g:20px;"><h2 style=3D"color:#b00020;">=E2=9A=A0 ALERTA DE INSUMO</h2><p>O i=
nsumo <strong>Insumo de Teste</strong> tem agora <strong>5</strong> unidade=
s.</p><p>Quantidade cr=C3=ADtica configurada: <strong>10</strong></p><p sty=
le=3D"color:#b00020;"><strong>Por favor, reabaste=C3=A7a o insumo.</strong>=
</p><hr/><small>Gerado em: 2025-11-10 22:18:01</small></body></html>
------=_Part_1_1506907016.1762823881685--

------=_Part_0_1910792569.1762823881679--
.
250 2.0.0 OK  1762823886 a1e0cc1a2514c-93718cda6d1sm4745897241.3 - gsmtp
DEBUG SMTP: message successfully delivered to mail server
QUIT
221 2.0.0 closing connection a1e0cc1a2514c-93718cda6d1sm4745897241.3 - gsmtp
2025-11-10T22:18:06.702-03:00  INFO 27767 --- [lanchonete] [nio-8080-exec-1] b.c.insumo.lanchonete.utils.EmailUtils   : ✅ E-mail enviado com SUCESSO para [matheuslajazem@gmail.com]
2025-11-10T22:18:06.703-03:00  INFO 27767 --- [lanchonete] [nio-8080-exec-1] b.c.insumo.lanchonete.utils.EmailUtils   : === FIM DO ENVIO ===
2025-11-10T22:18:06.703-03:00  INFO 27767 --- [lanchonete] [nio-8080-exec-1] b.c.i.l.controllers.EmailTestController  : ✅ Teste de e-mail concluído com SUCESSO
2025-11-10T23:06:53.117-03:00  INFO 27767 --- [lanchonete] [ionShutdownHook] o.s.b.w.e.tomcat.GracefulShutdown        : Commencing graceful shutdown. Waiting for active requests to complete
2025-11-10T23:06:53.123-03:00  INFO 27767 --- [lanchonete] [tomcat-shutdown] o.s.b.w.e.tomcat.GracefulShutdown        : Graceful shutdown complete
2025-11-10T23:06:53.244-03:00  INFO 27767 --- [lanchonete] [ionShutdownHook] j.LocalContainerEntityManagerFactoryBean : Closing JPA EntityManagerFactory for persistence unit 'default'
2025-11-10T23:06:53.253-03:00  WARN 27767 --- [lanchonete] [ionShutdownHook] o.s.b.f.support.DisposableBeanAdapter    : Invocation of destroy method failed on bean with name 'inMemoryDatabaseShutdownExecutor': org.h2.jdbc.JdbcSQLNonTransientConnectionException: Database is already closed (to disable automatic closing at VM shutdown, add ";DB_CLOSE_ON_EXIT=FALSE" to the db URL) [90121-232]
2025-11-10T23:06:53.254-03:00  INFO 27767 --- [lanchonete] [ionShutdownHook] com.zaxxer.hikari.HikariDataSource       : HikariPool-1 - Shutdown initiated...
2025-11-10T23:06:53.256-03:00  INFO 27767 --- [lanchonete] [ionShutdownHook] com.zaxxer.hikari.HikariDataSource       : HikariPool-1 - Shutdown completed.
